# JRE version: OpenJDK Runtime Environment (8.0_152-b01) (build 1.8.0_152-release-915-b01)
# Java VM: OpenJDK 64-Bit Server VM (25.152-b01 mixed mode linux-amd64 compressed oops)
Heap:
 PSYoungGen      total 215040K, used 122813K [0x00000000e0000000, 0x00000000ee780000, 0x0000000100000000)
  eden space 195072K, 59% used [0x00000000e0000000,0x00000000e71ac348,0x00000000ebe80000)
  from space 19968K, 32% used [0x00000000ed400000,0x00000000eda430c0,0x00000000ee780000)
  to   space 20992K, 0% used [0x00000000ebe80000,0x00000000ebe80000,0x00000000ed300000)
 ParOldGen       total 97280K, used 66123K [0x00000000a0000000, 0x00000000a5f00000, 0x00000000e0000000)
  object space 97280K, 67% used [0x00000000a0000000,0x00000000a4092c80,0x00000000a5f00000)
 Metaspace       used 79689K, capacity 85088K, committed 85336K, reserved 1124352K
  class space    used 10036K, capacity 11273K, committed 11392K, reserved 1048576K
GC Heap History (10 events):
Event: 4793.312 GC heap before
{Heap before GC invocations=43 (full 3):
 PSYoungGen      total 132096K, used 116108K [0x00000000e0000000, 0x00000000eb080000, 0x0000000100000000)
  eden space 108544K, 99% used [0x00000000e0000000,0x00000000e6984aa8,0x00000000e6a00000)
  from space 23552K, 34% used [0x00000000e6a00000,0x00000000e71de8e8,0x00000000e8100000)
  to   space 23040K, 0% used [0x00000000e9a00000,0x00000000e9a00000,0x00000000eb080000)
 ParOldGen       total 97280K, used 64526K [0x00000000a0000000, 0x00000000a5f00000, 0x00000000e0000000)
  object space 97280K, 66% used [0x00000000a0000000,0x00000000a3f03bc0,0x00000000a5f00000)
 Metaspace       used 75706K, capacity 80532K, committed 80728K, reserved 1120256K
  class space    used 9560K, capacity 10600K, committed 10624K, reserved 1048576K
Event: 4793.335 GC heap after
Heap after GC invocations=43 (full 3):
 PSYoungGen      total 156672K, used 6947K [0x00000000e0000000, 0x00000000eaf80000, 0x0000000100000000)
  eden space 134656K, 0% used [0x00000000e0000000,0x00000000e0000000,0x00000000e8380000)
  from space 22016K, 31% used [0x00000000e9a00000,0x00000000ea0c8d50,0x00000000eaf80000)
  to   space 22528K, 0% used [0x00000000e8380000,0x00000000e8380000,0x00000000e9980000)
 ParOldGen       total 97280K, used 65255K [0x00000000a0000000, 0x00000000a5f00000, 0x00000000e0000000)
  object space 97280K, 67% used [0x00000000a0000000,0x00000000a3fb9f10,0x00000000a5f00000)
 Metaspace       used 75706K, capacity 80532K, committed 80728K, reserved 1120256K
  class space    used 9560K, capacity 10600K, committed 10624K, reserved 1048576K
}
Event: 4993.844 GC heap before
{Heap before GC invocations=44 (full 3):
 PSYoungGen      total 156672K, used 141603K [0x00000000e0000000, 0x00000000eaf80000, 0x0000000100000000)
  eden space 134656K, 100% used [0x00000000e0000000,0x00000000e8380000,0x00000000e8380000)
  from space 22016K, 31% used [0x00000000e9a00000,0x00000000ea0c8d50,0x00000000eaf80000)
  to   space 22528K, 0% used [0x00000000e8380000,0x00000000e8380000,0x00000000e9980000)
 ParOldGen       total 97280K, used 65255K [0x00000000a0000000, 0x00000000a5f00000, 0x00000000e0000000)
  object space 97280K, 67% used [0x00000000a0000000,0x00000000a3fb9f10,0x00000000a5f00000)
 Metaspace       used 75775K, capacity 80652K, committed 80856K, reserved 1120256K
  class space    used 9571K, capacity 10640K, committed 10752K, reserved 1048576K
Event: 4993.851 GC heap after
Heap after GC invocations=44 (full 3):
 PSYoungGen      total 157184K, used 1392K [0x00000000e0000000, 0x00000000ecc00000, 0x0000000100000000)
  eden space 134656K, 0% used [0x00000000e0000000,0x00000000e0000000,0x00000000e8380000)
  from space 22528K, 6% used [0x00000000e8380000,0x00000000e84dc020,0x00000000e9980000)
  to   space 23040K, 0% used [0x00000000eb580000,0x00000000eb580000,0x00000000ecc00000)
 ParOldGen       total 97280K, used 65983K [0x00000000a0000000, 0x00000000a5f00000, 0x00000000e0000000)
  object space 97280K, 67% used [0x00000000a0000000,0x00000000a406fc70,0x00000000a5f00000)
 Metaspace       used 75775K, capacity 80652K, committed 80856K, reserved 1120256K
  class space    used 9571K, capacity 10640K, committed 10752K, reserved 1048576K
}
Event: 4995.127 GC heap before
{Heap before GC invocations=45 (full 3):
 PSYoungGen      total 157184K, used 136048K [0x00000000e0000000, 0x00000000ecc00000, 0x0000000100000000)
  eden space 134656K, 100% used [0x00000000e0000000,0x00000000e8380000,0x00000000e8380000)
  from space 22528K, 6% used [0x00000000e8380000,0x00000000e84dc020,0x00000000e9980000)
  to   space 23040K, 0% used [0x00000000eb580000,0x00000000eb580000,0x00000000ecc00000)
 ParOldGen       total 97280K, used 65983K [0x00000000a0000000, 0x00000000a5f00000, 0x00000000e0000000)
  object space 97280K, 67% used [0x00000000a0000000,0x00000000a406fc70,0x00000000a5f00000)
 Metaspace       used 75843K, capacity 80660K, committed 80856K, reserved 1120256K
  class space    used 9572K, capacity 10640K, committed 10752K, reserved 1048576K
Event: 4995.194 GC heap after
Heap after GC invocations=45 (full 3):
 PSYoungGen      total 183808K, used 9920K [0x00000000e0000000, 0x00000000eca00000, 0x0000000100000000)
  eden space 162816K, 0% used [0x00000000e0000000,0x00000000e0000000,0x00000000e9f00000)
  from space 20992K, 47% used [0x00000000eb580000,0x00000000ebf30050,0x00000000eca00000)
  to   space 22016K, 0% used [0x00000000e9f00000,0x00000000e9f00000,0x00000000eb480000)
 ParOldGen       total 97280K, used 66075K [0x00000000a0000000, 0x00000000a5f00000, 0x00000000e0000000)
  object space 97280K, 67% used [0x00000000a0000000,0x00000000a4086c80,0x00000000a5f00000)
 Metaspace       used 75843K, capacity 80660K, committed 80856K, reserved 1120256K
  class space    used 9572K, capacity 10640K, committed 10752K, reserved 1048576K
}
Event: 5052.747 GC heap before
{Heap before GC invocations=46 (full 3):
 PSYoungGen      total 183808K, used 172736K [0x00000000e0000000, 0x00000000eca00000, 0x0000000100000000)
  eden space 162816K, 100% used [0x00000000e0000000,0x00000000e9f00000,0x00000000e9f00000)
  from space 20992K, 47% used [0x00000000eb580000,0x00000000ebf30050,0x00000000eca00000)
  to   space 22016K, 0% used [0x00000000e9f00000,0x00000000e9f00000,0x00000000eb480000)
 ParOldGen       total 97280K, used 66075K [0x00000000a0000000, 0x00000000a5f00000, 0x00000000e0000000)
  object space 97280K, 67% used [0x00000000a0000000,0x00000000a4086c80,0x00000000a5f00000)
 Metaspace       used 75965K, capacity 80924K, committed 81112K, reserved 1120256K
  class space    used 9584K, capacity 10682K, committed 10752K, reserved 1048576K
Event: 5052.762 GC heap after
Heap after GC invocations=46 (full 3):
 PSYoungGen      total 184832K, used 4593K [0x00000000e0000000, 0x00000000ee900000, 0x0000000100000000)
  eden space 162816K, 0% used [0x00000000e0000000,0x00000000e0000000,0x00000000e9f00000)
  from space 22016K, 20% used [0x00000000e9f00000,0x00000000ea37c450,0x00000000eb480000)
  to   space 21504K, 0% used [0x00000000ed400000,0x00000000ed400000,0x00000000ee900000)
 ParOldGen       total 97280K, used 66083K [0x00000000a0000000, 0x00000000a5f00000, 0x00000000e0000000)
  object space 97280K, 67% used [0x00000000a0000000,0x00000000a4088c80,0x00000000a5f00000)
 Metaspace       used 75965K, capacity 80924K, committed 81112K, reserved 1120256K
  class space    used 9584K, capacity 10682K, committed 10752K, reserved 1048576K
}
Event: 5054.045 GC heap before
{Heap before GC invocations=47 (full 3):
 PSYoungGen      total 184832K, used 167180K [0x00000000e0000000, 0x00000000ee900000, 0x0000000100000000)
  eden space 162816K, 99% used [0x00000000e0000000,0x00000000e9ec6e50,0x00000000e9f00000)
  from space 22016K, 20% used [0x00000000e9f00000,0x00000000ea37c450,0x00000000eb480000)
  to   space 21504K, 0% used [0x00000000ed400000,0x00000000ed400000,0x00000000ee900000)
 ParOldGen       total 97280K, used 66083K [0x00000000a0000000, 0x00000000a5f00000, 0x00000000e0000000)
  object space 97280K, 67% used [0x00000000a0000000,0x00000000a4088c80,0x00000000a5f00000)
 Metaspace       used 76016K, capacity 80988K, committed 81112K, reserved 1120256K
  class space    used 9585K, capacity 10682K, committed 10752K, reserved 1048576K
Event: 5054.076 GC heap after
Heap after GC invocations=47 (full 3):
 PSYoungGen      total 215040K, used 6412K [0x00000000e0000000, 0x00000000ee780000, 0x0000000100000000)
  eden space 195072K, 0% used [0x00000000e0000000,0x00000000e0000000,0x00000000ebe80000)
  from space 19968K, 32% used [0x00000000ed400000,0x00000000eda430c0,0x00000000ee780000)
  to   space 20992K, 0% used [0x00000000ebe80000,0x00000000ebe80000,0x00000000ed300000)
 ParOldGen       total 97280K, used 66123K [0x00000000a0000000, 0x00000000a5f00000, 0x00000000e0000000)
  object space 97280K, 67% used [0x00000000a0000000,0x00000000a4092c80,0x00000000a5f00000)
 Metaspace       used 76016K, capacity 80988K, committed 81112K, reserved 1120256K
  class space    used 9585K, capacity 10682K, committed 10752K, reserved 1048576K
}

