# JRE version: OpenJDK Runtime Environment (8.0_152-b01) (build 1.8.0_152-release-915-b01)
# Java VM: OpenJDK 64-Bit Server VM (25.152-b01 mixed mode linux-amd64 compressed oops)
Heap:
 PSYoungGen      total 480768K, used 71724K [0x00000000e0000000, 0x00000000ffd80000, 0x0000000100000000)
  eden space 442368K, 15% used [0x00000000e0000000,0x00000000e42fa890,0x00000000fb000000)
  from space 38400K, 8% used [0x00000000fb000000,0x00000000fb310b60,0x00000000fd580000)
  to   space 37376K, 0% used [0x00000000fd900000,0x00000000fd900000,0x00000000ffd80000)
 ParOldGen       total 196608K, used 127176K [0x00000000a0000000, 0x00000000ac000000, 0x00000000e0000000)
  object space 196608K, 64% used [0x00000000a0000000,0x00000000a7c321d0,0x00000000ac000000)
 Metaspace       used 86501K, capacity 93164K, committed 93528K, reserved 1130496K
  class space    used 10814K, capacity 12214K, committed 12416K, reserved 1048576K
GC Heap History (10 events):
Event: 8689.380 GC heap before
{Heap before GC invocations=31 (full 4):
 PSYoungGen      total 420864K, used 384837K [0x00000000e0000000, 0x00000000fc800000, 0x0000000100000000)
  eden space 379904K, 99% used [0x00000000e0000000,0x00000000f72a9c58,0x00000000f7300000)
  from space 40960K, 12% used [0x00000000fa000000,0x00000000fa527a00,0x00000000fc800000)
  to   space 43520K, 0% used [0x00000000f7300000,0x00000000f7300000,0x00000000f9d80000)
 ParOldGen       total 196608K, used 118939K [0x00000000a0000000, 0x00000000ac000000, 0x00000000e0000000)
  object space 196608K, 60% used [0x00000000a0000000,0x00000000a7426d88,0x00000000ac000000)
 Metaspace       used 84365K, capacity 89426K, committed 91096K, reserved 1128448K
  class space    used 10534K, capacity 11657K, committed 12032K, reserved 1048576K
Event: 8689.385 GC heap after
Heap after GC invocations=31 (full 4):
 PSYoungGen      total 423424K, used 96K [0x00000000e0000000, 0x0000000100000000, 0x0000000100000000)
  eden space 379904K, 0% used [0x00000000e0000000,0x00000000e0000000,0x00000000f7300000)
  from space 43520K, 0% used [0x00000000f7300000,0x00000000f7318000,0x00000000f9d80000)
  to   space 43520K, 0% used [0x00000000fd580000,0x00000000fd580000,0x0000000100000000)
 ParOldGen       total 196608K, used 120393K [0x00000000a0000000, 0x00000000ac000000, 0x00000000e0000000)
  object space 196608K, 61% used [0x00000000a0000000,0x00000000a75924d8,0x00000000ac000000)
 Metaspace       used 84365K, capacity 89426K, committed 91096K, reserved 1128448K
  class space    used 10534K, capacity 11657K, committed 12032K, reserved 1048576K
}
Event: 8737.528 GC heap before
{Heap before GC invocations=32 (full 4):
 PSYoungGen      total 423424K, used 380000K [0x00000000e0000000, 0x0000000100000000, 0x0000000100000000)
  eden space 379904K, 100% used [0x00000000e0000000,0x00000000f7300000,0x00000000f7300000)
  from space 43520K, 0% used [0x00000000f7300000,0x00000000f7318000,0x00000000f9d80000)
  to   space 43520K, 0% used [0x00000000fd580000,0x00000000fd580000,0x0000000100000000)
 ParOldGen       total 196608K, used 120393K [0x00000000a0000000, 0x00000000ac000000, 0x00000000e0000000)
  object space 196608K, 61% used [0x00000000a0000000,0x00000000a75924d8,0x00000000ac000000)
 Metaspace       used 84839K, capacity 90146K, committed 91352K, reserved 1128448K
  class space    used 10572K, capacity 11731K, committed 12032K, reserved 1048576K
Event: 8737.581 GC heap after
Heap after GC invocations=32 (full 4):
 PSYoungGen      total 477696K, used 6718K [0x00000000e0000000, 0x00000000ffd00000, 0x0000000100000000)
  eden space 437248K, 0% used [0x00000000e0000000,0x00000000e0000000,0x00000000fab00000)
  from space 40448K, 16% used [0x00000000fd580000,0x00000000fdc0fba8,0x00000000ffd00000)
  to   space 41984K, 0% used [0x00000000fab00000,0x00000000fab00000,0x00000000fd400000)
 ParOldGen       total 196608K, used 120425K [0x00000000a0000000, 0x00000000ac000000, 0x00000000e0000000)
  object space 196608K, 61% used [0x00000000a0000000,0x00000000a759a4d8,0x00000000ac000000)
 Metaspace       used 84839K, capacity 90146K, committed 91352K, reserved 1128448K
  class space    used 10572K, capacity 11731K, committed 12032K, reserved 1048576K
}
Event: 8739.741 GC heap before
{Heap before GC invocations=33 (full 4):
 PSYoungGen      total 477696K, used 443459K [0x00000000e0000000, 0x00000000ffd00000, 0x0000000100000000)
  eden space 437248K, 99% used [0x00000000e0000000,0x00000000faa810f8,0x00000000fab00000)
  from space 40448K, 16% used [0x00000000fd580000,0x00000000fdc0fba8,0x00000000ffd00000)
  to   space 41984K, 0% used [0x00000000fab00000,0x00000000fab00000,0x00000000fd400000)
 ParOldGen       total 196608K, used 120425K [0x00000000a0000000, 0x00000000ac000000, 0x00000000e0000000)
  object space 196608K, 61% used [0x00000000a0000000,0x00000000a759a4d8,0x00000000ac000000)
 Metaspace       used 85215K, capacity 90484K, committed 91608K, reserved 1128448K
  class space    used 10605K, capacity 11772K, committed 12032K, reserved 1048576K
Event: 8739.849 GC heap after
Heap after GC invocations=33 (full 4):
 PSYoungGen      total 479232K, used 12273K [0x00000000e0000000, 0x00000000ffb80000, 0x0000000100000000)
  eden space 437248K, 0% used [0x00000000e0000000,0x00000000e0000000,0x00000000fab00000)
  from space 41984K, 29% used [0x00000000fab00000,0x00000000fb6fc5a8,0x00000000fd400000)
  to   space 38912K, 0% used [0x00000000fd580000,0x00000000fd580000,0x00000000ffb80000)
 ParOldGen       total 196608K, used 126113K [0x00000000a0000000, 0x00000000ac000000, 0x00000000e0000000)
  object space 196608K, 64% used [0x00000000a0000000,0x00000000a7b28470,0x00000000ac000000)
 Metaspace       used 85215K, capacity 90484K, committed 91608K, reserved 1128448K
  class space    used 10605K, capacity 11772K, committed 12032K, reserved 1048576K
}
Event: 8912.444 GC heap before
{Heap before GC invocations=34 (full 4):
 PSYoungGen      total 479232K, used 449521K [0x00000000e0000000, 0x00000000ffb80000, 0x0000000100000000)
  eden space 437248K, 100% used [0x00000000e0000000,0x00000000fab00000,0x00000000fab00000)
  from space 41984K, 29% used [0x00000000fab00000,0x00000000fb6fc5a8,0x00000000fd400000)
  to   space 38912K, 0% used [0x00000000fd580000,0x00000000fd580000,0x00000000ffb80000)
 ParOldGen       total 196608K, used 126113K [0x00000000a0000000, 0x00000000ac000000, 0x00000000e0000000)
  object space 196608K, 64% used [0x00000000a0000000,0x00000000a7b28470,0x00000000ac000000)
 Metaspace       used 85320K, capacity 90736K, committed 91992K, reserved 1128448K
  class space    used 10616K, capacity 11812K, committed 12160K, reserved 1048576K
Event: 8912.753 GC heap after
Heap after GC invocations=34 (full 4):
 PSYoungGen      total 481280K, used 2484K [0x00000000e0000000, 0x00000000ffc00000, 0x0000000100000000)
  eden space 442368K, 0% used [0x00000000e0000000,0x00000000e0000000,0x00000000fb000000)
  from space 38912K, 6% used [0x00000000fd580000,0x00000000fd7ed138,0x00000000ffb80000)
  to   space 38400K, 0% used [0x00000000fb000000,0x00000000fb000000,0x00000000fd580000)
 ParOldGen       total 196608K, used 126673K [0x00000000a0000000, 0x00000000ac000000, 0x00000000e0000000)
  object space 196608K, 64% used [0x00000000a0000000,0x00000000a7bb4490,0x00000000ac000000)
 Metaspace       used 85320K, capacity 90736K, committed 91992K, reserved 1128448K
  class space    used 10616K, capacity 11812K, committed 12160K, reserved 1048576K
}
Event: 14792.792 GC heap before
{Heap before GC invocations=35 (full 4):
 PSYoungGen      total 481280K, used 444852K [0x00000000e0000000, 0x00000000ffc00000, 0x0000000100000000)
  eden space 442368K, 100% used [0x00000000e0000000,0x00000000fb000000,0x00000000fb000000)
  from space 38912K, 6% used [0x00000000fd580000,0x00000000fd7ed138,0x00000000ffb80000)
  to   space 38400K, 0% used [0x00000000fb000000,0x00000000fb000000,0x00000000fd580000)
 ParOldGen       total 196608K, used 126673K [0x00000000a0000000, 0x00000000ac000000, 0x00000000e0000000)
  object space 196608K, 64% used [0x00000000a0000000,0x00000000a7bb4490,0x00000000ac000000)
 Metaspace       used 86193K, capacity 92554K, committed 92888K, reserved 1130496K
  class space    used 10764K, capacity 12123K, committed 12288K, reserved 1048576K
Event: 14821.894 GC heap after
Heap after GC invocations=35 (full 4):
 PSYoungGen      total 480768K, used 3138K [0x00000000e0000000, 0x00000000ffd80000, 0x0000000100000000)
  eden space 442368K, 0% used [0x00000000e0000000,0x00000000e0000000,0x00000000fb000000)
  from space 38400K, 8% used [0x00000000fb000000,0x00000000fb310b60,0x00000000fd580000)
  to   space 37376K, 0% used [0x00000000fd900000,0x00000000fd900000,0x00000000ffd80000)
 ParOldGen       total 196608K, used 127176K [0x00000000a0000000, 0x00000000ac000000, 0x00000000e0000000)
  object space 196608K, 64% used [0x00000000a0000000,0x00000000a7c321d0,0x00000000ac000000)
 Metaspace       used 86193K, capacity 92554K, committed 92888K, reserved 1130496K
  class space    used 10764K, capacity 12123K, committed 12288K, reserved 1048576K
}

